{"/home/samay/Documentos/Full Cycle/Curso Full Cycle 3.0/Integração Contínua/Desafios/desafio-ci/src/sum.js": {"path":"/home/samay/Documentos/Full Cycle/Curso Full Cycle 3.0/Integração Contínua/Desafios/desafio-ci/src/sum.js","statementMap":{"0":{"start":{"line":2,"column":4},"end":{"line":2,"column":16}},"1":{"start":{"line":5,"column":0},"end":{"line":5,"column":20}}},"fnMap":{"0":{"name":"sum","decl":{"start":{"line":1,"column":9},"end":{"line":1,"column":12}},"loc":{"start":{"line":1,"column":19},"end":{"line":3,"column":1}},"line":1}},"branchMap":{},"s":{"0":1,"1":1},"f":{"0":1},"b":{},"_coverageSchema":"1a1c01bbd47fc00a2c39e90264f33305004495a9","hash":"69d23096268e3adede2649f9a6e5cfc995fe3f74"}
}
